DEBUG:faker.factory:Looking for locale `fr_FR` in provider `faker.providers.address`.
DEBUG:faker.factory:Provider `faker.providers.address` has been localized to `fr_FR`.
DEBUG:faker.factory:Looking for locale `fr_FR` in provider `faker.providers.automotive`.
DEBUG:faker.factory:Provider `faker.providers.automotive` has been localized to `fr_FR`.
DEBUG:faker.factory:Looking for locale `fr_FR` in provider `faker.providers.bank`.
DEBUG:faker.factory:Provider `faker.providers.bank` has been localized to `fr_FR`.
DEBUG:faker.factory:Looking for locale `fr_FR` in provider `faker.providers.barcode`.
DEBUG:faker.factory:Specified locale `fr_FR` is not available for provider `faker.providers.barcode`. Locale reset to `en_US` for this provider.
DEBUG:faker.factory:Looking for locale `fr_FR` in provider `faker.providers.color`.
DEBUG:faker.factory:Provider `faker.providers.color` has been localized to `fr_FR`.
DEBUG:faker.factory:Looking for locale `fr_FR` in provider `faker.providers.company`.
DEBUG:faker.factory:Provider `faker.providers.company` has been localized to `fr_FR`.
DEBUG:faker.factory:Looking for locale `fr_FR` in provider `faker.providers.credit_card`.
DEBUG:faker.factory:Specified locale `fr_FR` is not available for provider `faker.providers.credit_card`. Locale reset to `en_US` for this provider.
DEBUG:faker.factory:Looking for locale `fr_FR` in provider `faker.providers.currency`.
DEBUG:faker.factory:Provider `faker.providers.currency` has been localized to `fr_FR`.
DEBUG:faker.factory:Looking for locale `fr_FR` in provider `faker.providers.date_time`.
DEBUG:faker.factory:Provider `faker.providers.date_time` has been localized to `fr_FR`.
DEBUG:faker.factory:Provider `faker.providers.file` does not feature localization. Specified locale `fr_FR` is not utilized for this provider.
DEBUG:faker.factory:Looking for locale `fr_FR` in provider `faker.providers.geo`.
DEBUG:faker.factory:Specified locale `fr_FR` is not available for provider `faker.providers.geo`. Locale reset to `en_US` for this provider.
DEBUG:faker.factory:Looking for locale `fr_FR` in provider `faker.providers.internet`.
DEBUG:faker.factory:Provider `faker.providers.internet` has been localized to `fr_FR`.
DEBUG:faker.factory:Provider `faker.providers.isbn` does not feature localization. Specified locale `fr_FR` is not utilized for this provider.
DEBUG:faker.factory:Looking for locale `fr_FR` in provider `faker.providers.job`.
DEBUG:faker.factory:Provider `faker.providers.job` has been localized to `fr_FR`.
DEBUG:faker.factory:Looking for locale `fr_FR` in provider `faker.providers.lorem`.
DEBUG:faker.factory:Provider `faker.providers.lorem` has been localized to `fr_FR`.
DEBUG:faker.factory:Looking for locale `fr_FR` in provider `faker.providers.misc`.
DEBUG:faker.factory:Specified locale `fr_FR` is not available for provider `faker.providers.misc`. Locale reset to `en_US` for this provider.
DEBUG:faker.factory:Looking for locale `fr_FR` in provider `faker.providers.person`.
DEBUG:faker.factory:Provider `faker.providers.person` has been localized to `fr_FR`.
DEBUG:faker.factory:Looking for locale `fr_FR` in provider `faker.providers.phone_number`.
DEBUG:faker.factory:Provider `faker.providers.phone_number` has been localized to `fr_FR`.
DEBUG:faker.factory:Provider `faker.providers.profile` does not feature localization. Specified locale `fr_FR` is not utilized for this provider.
DEBUG:faker.factory:Provider `faker.providers.python` does not feature localization. Specified locale `fr_FR` is not utilized for this provider.
DEBUG:faker.factory:Looking for locale `fr_FR` in provider `faker.providers.ssn`.
DEBUG:faker.factory:Provider `faker.providers.ssn` has been localized to `fr_FR`.
DEBUG:faker.factory:Provider `faker.providers.user_agent` does not feature localization. Specified locale `fr_FR` is not utilized for this provider.
INFO:root:Genarating a list of 10 users
INFO:root:Generating user.
INFO:root:Generating user.
INFO:root:Generating user.
INFO:root:Generating user.
INFO:root:Generating user.
INFO:root:Generating user.
INFO:root:Generating user.
INFO:root:Generating user.
INFO:root:Generating user.
INFO:root:Generating user.
2022-10-15 11:07:44,323 - DEBUG - Looking for locale `fr_FR` in provider `faker.providers.address`.
2022-10-15 11:07:44,338 - DEBUG - Provider `faker.providers.address` has been localized to `fr_FR`.
2022-10-15 11:07:44,341 - DEBUG - Looking for locale `fr_FR` in provider `faker.providers.automotive`.
2022-10-15 11:07:44,362 - DEBUG - Provider `faker.providers.automotive` has been localized to `fr_FR`.
2022-10-15 11:07:44,364 - DEBUG - Looking for locale `fr_FR` in provider `faker.providers.bank`.
2022-10-15 11:07:44,378 - DEBUG - Provider `faker.providers.bank` has been localized to `fr_FR`.
2022-10-15 11:07:44,380 - DEBUG - Looking for locale `fr_FR` in provider `faker.providers.barcode`.
2022-10-15 11:07:44,381 - DEBUG - Specified locale `fr_FR` is not available for provider `faker.providers.barcode`. Locale reset to `en_US` for this provider.
2022-10-15 11:07:44,384 - DEBUG - Looking for locale `fr_FR` in provider `faker.providers.color`.
2022-10-15 11:07:44,389 - DEBUG - Provider `faker.providers.color` has been localized to `fr_FR`.
2022-10-15 11:07:44,390 - DEBUG - Looking for locale `fr_FR` in provider `faker.providers.company`.
2022-10-15 11:07:44,398 - DEBUG - Provider `faker.providers.company` has been localized to `fr_FR`.
2022-10-15 11:07:44,399 - DEBUG - Looking for locale `fr_FR` in provider `faker.providers.credit_card`.
2022-10-15 11:07:44,401 - DEBUG - Specified locale `fr_FR` is not available for provider `faker.providers.credit_card`. Locale reset to `en_US` for this provider.
2022-10-15 11:07:44,402 - DEBUG - Looking for locale `fr_FR` in provider `faker.providers.currency`.
2022-10-15 11:07:44,409 - DEBUG - Provider `faker.providers.currency` has been localized to `fr_FR`.
2022-10-15 11:07:44,411 - DEBUG - Looking for locale `fr_FR` in provider `faker.providers.date_time`.
2022-10-15 11:07:44,418 - DEBUG - Provider `faker.providers.date_time` has been localized to `fr_FR`.
2022-10-15 11:07:44,420 - DEBUG - Provider `faker.providers.file` does not feature localization. Specified locale `fr_FR` is not utilized for this provider.
2022-10-15 11:07:44,420 - DEBUG - Looking for locale `fr_FR` in provider `faker.providers.geo`.
2022-10-15 11:07:44,422 - DEBUG - Specified locale `fr_FR` is not available for provider `faker.providers.geo`. Locale reset to `en_US` for this provider.
2022-10-15 11:07:44,425 - DEBUG - Looking for locale `fr_FR` in provider `faker.providers.internet`.
2022-10-15 11:07:44,436 - DEBUG - Provider `faker.providers.internet` has been localized to `fr_FR`.
2022-10-15 11:07:44,439 - DEBUG - Provider `faker.providers.isbn` does not feature localization. Specified locale `fr_FR` is not utilized for this provider.
2022-10-15 11:07:44,439 - DEBUG - Looking for locale `fr_FR` in provider `faker.providers.job`.
2022-10-15 11:07:44,451 - DEBUG - Provider `faker.providers.job` has been localized to `fr_FR`.
2022-10-15 11:07:44,455 - DEBUG - Looking for locale `fr_FR` in provider `faker.providers.lorem`.
2022-10-15 11:07:44,459 - DEBUG - Provider `faker.providers.lorem` has been localized to `fr_FR`.
2022-10-15 11:07:44,462 - DEBUG - Looking for locale `fr_FR` in provider `faker.providers.misc`.
2022-10-15 11:07:44,464 - DEBUG - Specified locale `fr_FR` is not available for provider `faker.providers.misc`. Locale reset to `en_US` for this provider.
2022-10-15 11:07:44,466 - DEBUG - Looking for locale `fr_FR` in provider `faker.providers.person`.
2022-10-15 11:07:44,480 - DEBUG - Provider `faker.providers.person` has been localized to `fr_FR`.
2022-10-15 11:07:44,483 - DEBUG - Looking for locale `fr_FR` in provider `faker.providers.phone_number`.
2022-10-15 11:07:44,496 - DEBUG - Provider `faker.providers.phone_number` has been localized to `fr_FR`.
2022-10-15 11:07:44,498 - DEBUG - Provider `faker.providers.profile` does not feature localization. Specified locale `fr_FR` is not utilized for this provider.
2022-10-15 11:07:44,498 - DEBUG - Provider `faker.providers.python` does not feature localization. Specified locale `fr_FR` is not utilized for this provider.
2022-10-15 11:07:44,499 - DEBUG - Looking for locale `fr_FR` in provider `faker.providers.ssn`.
2022-10-15 11:07:44,508 - DEBUG - Provider `faker.providers.ssn` has been localized to `fr_FR`.
2022-10-15 11:07:44,510 - DEBUG - Provider `faker.providers.user_agent` does not feature localization. Specified locale `fr_FR` is not utilized for this provider.
2022-10-15 11:07:44,510 - INFO - Genarating a list of 10 users
2022-10-15 11:07:44,511 - INFO - Generating user.
2022-10-15 11:07:44,513 - INFO - Generating user.
2022-10-15 11:07:44,513 - INFO - Generating user.
2022-10-15 11:07:44,513 - INFO - Generating user.
2022-10-15 11:07:44,514 - INFO - Generating user.
2022-10-15 11:07:44,514 - INFO - Generating user.
2022-10-15 11:07:44,514 - INFO - Generating user.
2022-10-15 11:07:44,514 - INFO - Generating user.
2022-10-15 11:07:44,514 - INFO - Generating user.
2022-10-15 11:07:44,515 - INFO - Generating user.
